[  0%] Built target _fla_msgs_generate_messages_check_deps_ProcessStatus
[  0%] Built target _fla_msgs_generate_messages_check_deps_ControlMessage
[  0%] Built target _fla_msgs_generate_messages_check_deps_Detection
[  0%] Built target sensor_msgs_generate_messages_lisp
[  0%] Built target nav_msgs_generate_messages_lisp
[  0%] Built target _fla_msgs_generate_messages_check_deps_NodeList
[  0%] Built target _fla_msgs_generate_messages_check_deps_FlightCommand
[  0%] Built target _fla_msgs_generate_messages_check_deps_FlightEvent
[  0%] Built target geometry_msgs_generate_messages_lisp
[  0%] Built target _fla_msgs_generate_messages_check_deps_FlightStateTransition
[  0%] Built target std_msgs_generate_messages_lisp
[  0%] Built target _fla_msgs_generate_messages_check_deps_ImageDetections
[  0%] Built target _fla_msgs_generate_messages_check_deps_JoyDef
[  0%] Built target _fla_msgs_generate_messages_check_deps_NodeStatus
[  0%] Built target _fla_msgs_generate_messages_check_deps_Keypoint
[  0%] Built target _fla_msgs_generate_messages_check_deps_Box
[  0%] Built target _fla_msgs_generate_messages_check_deps_WaypointList
[  0%] Built target _fla_msgs_generate_messages_check_deps_ImageSegmentation
[  0%] Built target _fla_msgs_generate_messages_check_deps_Latency
[  0%] Built target _fla_msgs_generate_messages_check_deps_TelemString
[  0%] Built target std_msgs_generate_messages_py
[  0%] Built target geometry_msgs_generate_messages_py
[  0%] Built target nav_msgs_generate_messages_py
[  0%] Built target sensor_msgs_generate_messages_py
[  0%] Built target sensor_msgs_generate_messages_nodejs
[  0%] Built target nav_msgs_generate_messages_nodejs
[  0%] Built target std_msgs_generate_messages_nodejs
[  0%] Built target geometry_msgs_generate_messages_nodejs
[  0%] Built target sensor_msgs_generate_messages_cpp
[  0%] Built target nav_msgs_generate_messages_cpp
[  0%] Built target geometry_msgs_generate_messages_cpp
[  0%] Built target std_msgs_generate_messages_cpp
[  0%] Built target nav_msgs_generate_messages_eus
[  0%] Built target sensor_msgs_generate_messages_eus
[  0%] Built target std_msgs_generate_messages_eus
[  0%] Built target geometry_msgs_generate_messages_eus
[ 19%] Built target fla_msgs_generate_messages_lisp
[ 40%] Built target fla_msgs_generate_messages_py
[ 59%] Built target fla_msgs_generate_messages_nodejs
[ 79%] Built target fla_msgs_generate_messages_cpp
[100%] Built target fla_msgs_generate_messages_eus
[100%] Built target fla_msgs_generate_messages
