[35m[1mScanning dependencies of target _fla_msgs_generate_messages_check_deps_ProcessStatus[0m
[35m[1mScanning dependencies of target _fla_msgs_generate_messages_check_deps_ControlMessage[0m
[  0%] Built target _fla_msgs_generate_messages_check_deps_ProcessStatus
[35m[1mScanning dependencies of target _fla_msgs_generate_messages_check_deps_Detection[0m
[  0%] Built target _fla_msgs_generate_messages_check_deps_ControlMessage
[35m[1mScanning dependencies of target sensor_msgs_generate_messages_lisp[0m
[  0%] Built target sensor_msgs_generate_messages_lisp
[35m[1mScanning dependencies of target nav_msgs_generate_messages_lisp[0m
[  0%] Built target _fla_msgs_generate_messages_check_deps_Detection
[  0%] Built target nav_msgs_generate_messages_lisp
[35m[1mScanning dependencies of target _fla_msgs_generate_messages_check_deps_NodeList[0m
[35m[1mScanning dependencies of target _fla_msgs_generate_messages_check_deps_FlightCommand[0m
[  0%] Built target _fla_msgs_generate_messages_check_deps_NodeList
[  0%] Built target _fla_msgs_generate_messages_check_deps_FlightCommand
[35m[1mScanning dependencies of target _fla_msgs_generate_messages_check_deps_FlightEvent[0m
[35m[1mScanning dependencies of target geometry_msgs_generate_messages_lisp[0m
[  0%] Built target geometry_msgs_generate_messages_lisp
[35m[1mScanning dependencies of target _fla_msgs_generate_messages_check_deps_FlightStateTransition[0m
[  0%] Built target _fla_msgs_generate_messages_check_deps_FlightEvent
[35m[1mScanning dependencies of target std_msgs_generate_messages_lisp[0m
[  0%] Built target std_msgs_generate_messages_lisp
[  0%] Built target _fla_msgs_generate_messages_check_deps_FlightStateTransition
[35m[1mScanning dependencies of target _fla_msgs_generate_messages_check_deps_ImageDetections[0m
[35m[1mScanning dependencies of target _fla_msgs_generate_messages_check_deps_JoyDef[0m
[  0%] Built target _fla_msgs_generate_messages_check_deps_ImageDetections
[35m[1mScanning dependencies of target _fla_msgs_generate_messages_check_deps_NodeStatus[0m
[  0%] Built target _fla_msgs_generate_messages_check_deps_JoyDef
[35m[1mScanning dependencies of target _fla_msgs_generate_messages_check_deps_Keypoint[0m
[  0%] Built target _fla_msgs_generate_messages_check_deps_NodeStatus
[  0%] Built target _fla_msgs_generate_messages_check_deps_Keypoint
[35m[1mScanning dependencies of target _fla_msgs_generate_messages_check_deps_Box[0m
[35m[1mScanning dependencies of target _fla_msgs_generate_messages_check_deps_WaypointList[0m
[  0%] Built target _fla_msgs_generate_messages_check_deps_Box
[35m[1mScanning dependencies of target _fla_msgs_generate_messages_check_deps_ImageSegmentation[0m
[  0%] Built target _fla_msgs_generate_messages_check_deps_WaypointList
[35m[1mScanning dependencies of target _fla_msgs_generate_messages_check_deps_Latency[0m
[  0%] Built target _fla_msgs_generate_messages_check_deps_ImageSegmentation
[35m[1mScanning dependencies of target _fla_msgs_generate_messages_check_deps_TelemString[0m
[  0%] Built target _fla_msgs_generate_messages_check_deps_Latency
[35m[1mScanning dependencies of target std_msgs_generate_messages_py[0m
[  0%] Built target std_msgs_generate_messages_py
[35m[1mScanning dependencies of target geometry_msgs_generate_messages_py[0m
[  0%] Built target _fla_msgs_generate_messages_check_deps_TelemString
[  0%] Built target geometry_msgs_generate_messages_py
[35m[1mScanning dependencies of target nav_msgs_generate_messages_py[0m
[35m[1mScanning dependencies of target sensor_msgs_generate_messages_py[0m
[  0%] Built target nav_msgs_generate_messages_py
[  0%] Built target sensor_msgs_generate_messages_py
[35m[1mScanning dependencies of target sensor_msgs_generate_messages_nodejs[0m
[35m[1mScanning dependencies of target nav_msgs_generate_messages_nodejs[0m
[  0%] Built target sensor_msgs_generate_messages_nodejs
[  0%] Built target nav_msgs_generate_messages_nodejs
[35m[1mScanning dependencies of target std_msgs_generate_messages_nodejs[0m
[35m[1mScanning dependencies of target geometry_msgs_generate_messages_nodejs[0m
[  0%] Built target std_msgs_generate_messages_nodejs
[  0%] Built target geometry_msgs_generate_messages_nodejs
[35m[1mScanning dependencies of target sensor_msgs_generate_messages_cpp[0m
[35m[1mScanning dependencies of target nav_msgs_generate_messages_cpp[0m
[  0%] Built target sensor_msgs_generate_messages_cpp
[  0%] Built target nav_msgs_generate_messages_cpp
[35m[1mScanning dependencies of target geometry_msgs_generate_messages_cpp[0m
[35m[1mScanning dependencies of target std_msgs_generate_messages_cpp[0m
[  0%] Built target geometry_msgs_generate_messages_cpp
[  0%] Built target std_msgs_generate_messages_cpp
[35m[1mScanning dependencies of target nav_msgs_generate_messages_eus[0m
[35m[1mScanning dependencies of target sensor_msgs_generate_messages_eus[0m
[  0%] Built target nav_msgs_generate_messages_eus
[  0%] Built target sensor_msgs_generate_messages_eus
[35m[1mScanning dependencies of target std_msgs_generate_messages_eus[0m
[  0%] Built target std_msgs_generate_messages_eus
[35m[1mScanning dependencies of target geometry_msgs_generate_messages_eus[0m
[35m[1mScanning dependencies of target fla_msgs_generate_messages_lisp[0m
[  0%] Built target geometry_msgs_generate_messages_eus
[  1%] [34m[1mGenerating Lisp code from fla_msgs/FlightStateTransition.msg[0m
[35m[1mScanning dependencies of target fla_msgs_generate_messages_py[0m
[  2%] [34m[1mGenerating Python from MSG fla_msgs/FlightStateTransition[0m
[  3%] [34m[1mGenerating Lisp code from fla_msgs/FlightEvent.msg[0m
[  4%] [34m[1mGenerating Lisp code from fla_msgs/FlightCommand.msg[0m
[  6%] [34m[1mGenerating Lisp code from fla_msgs/JoyDef.msg[0m
[  7%] [34m[1mGenerating Python from MSG fla_msgs/FlightEvent[0m
[  8%] [34m[1mGenerating Lisp code from fla_msgs/ControlMessage.msg[0m
[  9%] [34m[1mGenerating Lisp code from fla_msgs/NodeList.msg[0m
[ 10%] [34m[1mGenerating Lisp code from fla_msgs/NodeStatus.msg[0m
[ 12%] [34m[1mGenerating Python from MSG fla_msgs/FlightCommand[0m
[ 13%] [34m[1mGenerating Lisp code from fla_msgs/ProcessStatus.msg[0m
[ 14%] [34m[1mGenerating Lisp code from fla_msgs/Box.msg[0m
[ 15%] [34m[1mGenerating Lisp code from fla_msgs/WaypointList.msg[0m
[ 17%] [34m[1mGenerating Lisp code from fla_msgs/TelemString.msg[0m
[ 18%] [34m[1mGenerating Python from MSG fla_msgs/JoyDef[0m
[ 19%] [34m[1mGenerating Lisp code from fla_msgs/Detection.msg[0m
[ 20%] [34m[1mGenerating Lisp code from fla_msgs/ImageDetections.msg[0m
[ 21%] [34m[1mGenerating Lisp code from fla_msgs/Latency.msg[0m
[ 23%] [34m[1mGenerating Python from MSG fla_msgs/ControlMessage[0m
[ 24%] [34m[1mGenerating Lisp code from fla_msgs/ImageSegmentation.msg[0m
[ 25%] [34m[1mGenerating Lisp code from fla_msgs/Keypoint.msg[0m
[ 25%] Built target fla_msgs_generate_messages_lisp
[35m[1mScanning dependencies of target fla_msgs_generate_messages_nodejs[0m
[ 26%] [34m[1mGenerating Python from MSG fla_msgs/NodeList[0m
[ 28%] [34m[1mGenerating Javascript code from fla_msgs/FlightStateTransition.msg[0m
[ 29%] [34m[1mGenerating Javascript code from fla_msgs/FlightEvent.msg[0m
[ 30%] [34m[1mGenerating Javascript code from fla_msgs/FlightCommand.msg[0m
[ 32%] [34m[1mGenerating Javascript code from fla_msgs/JoyDef.msg[0m
[ 32%] [34m[1mGenerating Python from MSG fla_msgs/NodeStatus[0m
[ 34%] [34m[1mGenerating Javascript code from fla_msgs/ControlMessage.msg[0m
[ 35%] [34m[1mGenerating Javascript code from fla_msgs/NodeList.msg[0m
[ 36%] [34m[1mGenerating Javascript code from fla_msgs/NodeStatus.msg[0m
[ 37%] [34m[1mGenerating Python from MSG fla_msgs/ProcessStatus[0m
[ 39%] [34m[1mGenerating Javascript code from fla_msgs/ProcessStatus.msg[0m
[ 40%] [34m[1mGenerating Javascript code from fla_msgs/Box.msg[0m
[ 41%] [34m[1mGenerating Javascript code from fla_msgs/WaypointList.msg[0m
[ 42%] [34m[1mGenerating Python from MSG fla_msgs/Box[0m
[ 43%] [34m[1mGenerating Javascript code from fla_msgs/TelemString.msg[0m
[ 45%] [34m[1mGenerating Javascript code from fla_msgs/Detection.msg[0m
[ 46%] [34m[1mGenerating Javascript code from fla_msgs/ImageDetections.msg[0m
[ 47%] [34m[1mGenerating Python from MSG fla_msgs/WaypointList[0m
[ 48%] [34m[1mGenerating Javascript code from fla_msgs/Latency.msg[0m
[ 50%] [34m[1mGenerating Javascript code from fla_msgs/ImageSegmentation.msg[0m
[ 51%] [34m[1mGenerating Javascript code from fla_msgs/Keypoint.msg[0m
[ 52%] [34m[1mGenerating Python from MSG fla_msgs/TelemString[0m
[ 52%] Built target fla_msgs_generate_messages_nodejs
[35m[1mScanning dependencies of target fla_msgs_generate_messages_cpp[0m
[ 53%] [34m[1mGenerating C++ code from fla_msgs/FlightStateTransition.msg[0m
[ 54%] [34m[1mGenerating Python from MSG fla_msgs/Detection[0m
[ 56%] [34m[1mGenerating C++ code from fla_msgs/FlightEvent.msg[0m
[ 57%] [34m[1mGenerating C++ code from fla_msgs/FlightCommand.msg[0m
[ 58%] [34m[1mGenerating Python from MSG fla_msgs/ImageDetections[0m
[ 59%] [34m[1mGenerating C++ code from fla_msgs/JoyDef.msg[0m
[ 60%] [34m[1mGenerating C++ code from fla_msgs/ControlMessage.msg[0m
[ 62%] [34m[1mGenerating Python from MSG fla_msgs/Latency[0m
[ 63%] [34m[1mGenerating C++ code from fla_msgs/NodeList.msg[0m
[ 64%] [34m[1mGenerating Python from MSG fla_msgs/ImageSegmentation[0m
[ 65%] [34m[1mGenerating C++ code from fla_msgs/NodeStatus.msg[0m
[ 67%] [34m[1mGenerating C++ code from fla_msgs/ProcessStatus.msg[0m
[ 68%] [34m[1mGenerating Python from MSG fla_msgs/Keypoint[0m
[ 69%] [34m[1mGenerating C++ code from fla_msgs/Box.msg[0m
[ 70%] [34m[1mGenerating Python msg __init__.py for fla_msgs[0m
[ 71%] [34m[1mGenerating C++ code from fla_msgs/WaypointList.msg[0m
[ 73%] [34m[1mGenerating C++ code from fla_msgs/TelemString.msg[0m
[ 73%] Built target fla_msgs_generate_messages_py
[35m[1mScanning dependencies of target fla_msgs_generate_messages_eus[0m
[ 74%] [34m[1mGenerating EusLisp code from fla_msgs/FlightStateTransition.msg[0m
[ 75%] [34m[1mGenerating C++ code from fla_msgs/Detection.msg[0m
[ 76%] [34m[1mGenerating EusLisp code from fla_msgs/FlightEvent.msg[0m
[ 78%] [34m[1mGenerating C++ code from fla_msgs/ImageDetections.msg[0m
[ 79%] [34m[1mGenerating EusLisp code from fla_msgs/FlightCommand.msg[0m
[ 80%] [34m[1mGenerating C++ code from fla_msgs/Latency.msg[0m
[ 81%] [34m[1mGenerating EusLisp code from fla_msgs/JoyDef.msg[0m
[ 82%] [34m[1mGenerating EusLisp code from fla_msgs/ControlMessage.msg[0m
[ 84%] [34m[1mGenerating C++ code from fla_msgs/ImageSegmentation.msg[0m
[ 85%] [34m[1mGenerating EusLisp code from fla_msgs/NodeList.msg[0m
[ 86%] [34m[1mGenerating C++ code from fla_msgs/Keypoint.msg[0m
[ 87%] [34m[1mGenerating EusLisp code from fla_msgs/NodeStatus.msg[0m
[ 87%] Built target fla_msgs_generate_messages_cpp
[ 89%] [34m[1mGenerating EusLisp code from fla_msgs/ProcessStatus.msg[0m
[ 90%] [34m[1mGenerating EusLisp code from fla_msgs/Box.msg[0m
[ 91%] [34m[1mGenerating EusLisp code from fla_msgs/WaypointList.msg[0m
[ 92%] [34m[1mGenerating EusLisp code from fla_msgs/TelemString.msg[0m
[ 93%] [34m[1mGenerating EusLisp code from fla_msgs/Detection.msg[0m
[ 95%] [34m[1mGenerating EusLisp code from fla_msgs/ImageDetections.msg[0m
[ 96%] [34m[1mGenerating EusLisp code from fla_msgs/Latency.msg[0m
[ 97%] [34m[1mGenerating EusLisp code from fla_msgs/ImageSegmentation.msg[0m
[ 98%] [34m[1mGenerating EusLisp code from fla_msgs/Keypoint.msg[0m
[100%] [34m[1mGenerating EusLisp manifest code for fla_msgs[0m
[100%] Built target fla_msgs_generate_messages_eus
[35m[1mScanning dependencies of target fla_msgs_generate_messages[0m
[100%] Built target fla_msgs_generate_messages
