[35m[1mScanning dependencies of target _nav_msgs_generate_messages_check_deps_GetMapActionResult[0m
[  0%] Built target _nav_msgs_generate_messages_check_deps_GetMapActionResult
[35m[1mScanning dependencies of target _nav_msgs_generate_messages_check_deps_LoadMap[0m
[  0%] Built target _nav_msgs_generate_messages_check_deps_LoadMap
[35m[1mScanning dependencies of target _nav_msgs_generate_messages_check_deps_SetMap[0m
[  0%] Built target _nav_msgs_generate_messages_check_deps_SetMap
[35m[1mScanning dependencies of target _nav_msgs_generate_messages_check_deps_GetMapFeedback[0m
[  0%] Built target _nav_msgs_generate_messages_check_deps_GetMapFeedback
[35m[1mScanning dependencies of target _nav_msgs_generate_messages_check_deps_GetMapGoal[0m
[  0%] Built target _nav_msgs_generate_messages_check_deps_GetMapGoal
[35m[1mScanning dependencies of target std_msgs_generate_messages_eus[0m
[  0%] Built target std_msgs_generate_messages_eus
[35m[1mScanning dependencies of target _nav_msgs_generate_messages_check_deps_GetMap[0m
[  0%] Built target _nav_msgs_generate_messages_check_deps_GetMap
[35m[1mScanning dependencies of target _nav_msgs_generate_messages_check_deps_GetMapResult[0m
[  0%] Built target _nav_msgs_generate_messages_check_deps_GetMapResult
[35m[1mScanning dependencies of target _nav_msgs_generate_messages_check_deps_GetMapActionFeedback[0m
[  0%] Built target _nav_msgs_generate_messages_check_deps_GetMapActionFeedback
[35m[1mScanning dependencies of target actionlib_msgs_generate_messages_eus[0m
[  0%] Built target actionlib_msgs_generate_messages_eus
[35m[1mScanning dependencies of target _nav_msgs_generate_messages_check_deps_Path[0m
[  0%] Built target _nav_msgs_generate_messages_check_deps_Path
[35m[1mScanning dependencies of target _nav_msgs_generate_messages_check_deps_GridCells[0m
[  0%] Built target _nav_msgs_generate_messages_check_deps_GridCells
[35m[1mScanning dependencies of target _nav_msgs_generate_messages_check_deps_GetPlan[0m
[  0%] Built target _nav_msgs_generate_messages_check_deps_GetPlan
[35m[1mScanning dependencies of target _nav_msgs_generate_messages_check_deps_GetMapActionGoal[0m
[  0%] Built target _nav_msgs_generate_messages_check_deps_GetMapActionGoal
[35m[1mScanning dependencies of target geometry_msgs_generate_messages_eus[0m
[  0%] Built target geometry_msgs_generate_messages_eus
[35m[1mScanning dependencies of target _nav_msgs_generate_messages_check_deps_GetMapAction[0m
[  0%] Built target _nav_msgs_generate_messages_check_deps_GetMapAction
[35m[1mScanning dependencies of target _nav_msgs_generate_messages_check_deps_MapMetaData[0m
[  0%] Built target _nav_msgs_generate_messages_check_deps_MapMetaData
[35m[1mScanning dependencies of target _nav_msgs_generate_messages_check_deps_OccupancyGrid[0m
[  0%] Built target _nav_msgs_generate_messages_check_deps_OccupancyGrid
[35m[1mScanning dependencies of target _nav_msgs_generate_messages_check_deps_Odometry[0m
[  0%] Built target _nav_msgs_generate_messages_check_deps_Odometry
[35m[1mScanning dependencies of target std_msgs_generate_messages_lisp[0m
[  0%] Built target std_msgs_generate_messages_lisp
[35m[1mScanning dependencies of target geometry_msgs_generate_messages_lisp[0m
[  0%] Built target geometry_msgs_generate_messages_lisp
[35m[1mScanning dependencies of target actionlib_msgs_generate_messages_lisp[0m
[  0%] Built target actionlib_msgs_generate_messages_lisp
[35m[1mScanning dependencies of target geometry_msgs_generate_messages_nodejs[0m
[  0%] Built target geometry_msgs_generate_messages_nodejs
[35m[1mScanning dependencies of target std_msgs_generate_messages_nodejs[0m
[  0%] Built target std_msgs_generate_messages_nodejs
[35m[1mScanning dependencies of target actionlib_msgs_generate_messages_nodejs[0m
[  0%] Built target actionlib_msgs_generate_messages_nodejs
[35m[1mScanning dependencies of target geometry_msgs_generate_messages_py[0m
[  0%] Built target geometry_msgs_generate_messages_py
[35m[1mScanning dependencies of target actionlib_msgs_generate_messages_py[0m
[  0%] Built target actionlib_msgs_generate_messages_py
[35m[1mScanning dependencies of target std_msgs_generate_messages_py[0m
[  0%] Built target std_msgs_generate_messages_py
[35m[1mScanning dependencies of target actionlib_msgs_generate_messages_cpp[0m
[  0%] Built target actionlib_msgs_generate_messages_cpp
[35m[1mScanning dependencies of target std_msgs_generate_messages_cpp[0m
[  0%] Built target std_msgs_generate_messages_cpp
[35m[1mScanning dependencies of target geometry_msgs_generate_messages_cpp[0m
[  0%] Built target geometry_msgs_generate_messages_cpp
[35m[1mScanning dependencies of target nav_msgs_generate_messages_eus[0m
[  1%] [34m[1mGenerating EusLisp code from nav_msgs/GridCells.msg[0m
[  2%] [34m[1mGenerating EusLisp code from nav_msgs/MapMetaData.msg[0m
[  3%] [34m[1mGenerating EusLisp code from nav_msgs/OccupancyGrid.msg[0m
[  4%] [34m[1mGenerating EusLisp code from nav_msgs/Odometry.msg[0m
[  6%] [34m[1mGenerating EusLisp code from nav_msgs/Path.msg[0m
[  7%] [34m[1mGenerating EusLisp code from nav_msgs/GetMapAction.msg[0m
[  8%] [34m[1mGenerating EusLisp code from nav_msgs/GetMapActionGoal.msg[0m
[  9%] [34m[1mGenerating EusLisp code from nav_msgs/GetMapActionResult.msg[0m
[ 10%] [34m[1mGenerating EusLisp code from nav_msgs/GetMapActionFeedback.msg[0m
[ 12%] [34m[1mGenerating EusLisp code from nav_msgs/GetMapGoal.msg[0m
[ 13%] [34m[1mGenerating EusLisp code from nav_msgs/GetMapResult.msg[0m
[ 14%] [34m[1mGenerating EusLisp code from nav_msgs/GetMapFeedback.msg[0m
[ 15%] [34m[1mGenerating EusLisp code from nav_msgs/GetMap.srv[0m
[ 16%] [34m[1mGenerating EusLisp code from nav_msgs/GetPlan.srv[0m
[ 18%] [34m[1mGenerating EusLisp code from nav_msgs/SetMap.srv[0m
[ 19%] [34m[1mGenerating EusLisp code from nav_msgs/LoadMap.srv[0m
[ 20%] [34m[1mGenerating EusLisp manifest code for nav_msgs[0m
[ 20%] Built target nav_msgs_generate_messages_eus
[35m[1mScanning dependencies of target nav_msgs_generate_messages_lisp[0m
[ 21%] [34m[1mGenerating Lisp code from nav_msgs/GridCells.msg[0m
[ 22%] [34m[1mGenerating Lisp code from nav_msgs/MapMetaData.msg[0m
[ 24%] [34m[1mGenerating Lisp code from nav_msgs/OccupancyGrid.msg[0m
[ 25%] [34m[1mGenerating Lisp code from nav_msgs/Odometry.msg[0m
[ 26%] [34m[1mGenerating Lisp code from nav_msgs/Path.msg[0m
[ 27%] [34m[1mGenerating Lisp code from nav_msgs/GetMapAction.msg[0m
[ 28%] [34m[1mGenerating Lisp code from nav_msgs/GetMapActionGoal.msg[0m
[ 30%] [34m[1mGenerating Lisp code from nav_msgs/GetMapActionResult.msg[0m
[ 31%] [34m[1mGenerating Lisp code from nav_msgs/GetMapActionFeedback.msg[0m
[ 32%] [34m[1mGenerating Lisp code from nav_msgs/GetMapGoal.msg[0m
[ 33%] [34m[1mGenerating Lisp code from nav_msgs/GetMapResult.msg[0m
[ 34%] [34m[1mGenerating Lisp code from nav_msgs/GetMapFeedback.msg[0m
[ 36%] [34m[1mGenerating Lisp code from nav_msgs/GetMap.srv[0m
[ 37%] [34m[1mGenerating Lisp code from nav_msgs/GetPlan.srv[0m
[ 38%] [34m[1mGenerating Lisp code from nav_msgs/SetMap.srv[0m
[ 39%] [34m[1mGenerating Lisp code from nav_msgs/LoadMap.srv[0m
[ 39%] Built target nav_msgs_generate_messages_lisp
[35m[1mScanning dependencies of target nav_msgs_generate_messages_nodejs[0m
[ 40%] [34m[1mGenerating Javascript code from nav_msgs/GridCells.msg[0m
[ 42%] [34m[1mGenerating Javascript code from nav_msgs/MapMetaData.msg[0m
[ 43%] [34m[1mGenerating Javascript code from nav_msgs/OccupancyGrid.msg[0m
[ 44%] [34m[1mGenerating Javascript code from nav_msgs/Odometry.msg[0m
[ 45%] [34m[1mGenerating Javascript code from nav_msgs/Path.msg[0m
[ 46%] [34m[1mGenerating Javascript code from nav_msgs/GetMapAction.msg[0m
[ 48%] [34m[1mGenerating Javascript code from nav_msgs/GetMapActionGoal.msg[0m
[ 49%] [34m[1mGenerating Javascript code from nav_msgs/GetMapActionResult.msg[0m
[ 50%] [34m[1mGenerating Javascript code from nav_msgs/GetMapActionFeedback.msg[0m
[ 51%] [34m[1mGenerating Javascript code from nav_msgs/GetMapGoal.msg[0m
[35m[1mScanning dependencies of target nav_msgs_generate_messages_py[0m
[ 53%] [34m[1mGenerating Javascript code from nav_msgs/GetMapResult.msg[0m
[ 54%] [34m[1mGenerating Python from MSG nav_msgs/GridCells[0m
[ 55%] [34m[1mGenerating Javascript code from nav_msgs/GetMapFeedback.msg[0m
[ 56%] [34m[1mGenerating Javascript code from nav_msgs/GetMap.srv[0m
[ 57%] [34m[1mGenerating Javascript code from nav_msgs/GetPlan.srv[0m
[ 59%] [34m[1mGenerating Python from MSG nav_msgs/MapMetaData[0m
[ 60%] [34m[1mGenerating Javascript code from nav_msgs/SetMap.srv[0m
[ 61%] [34m[1mGenerating Javascript code from nav_msgs/LoadMap.srv[0m
[ 61%] Built target nav_msgs_generate_messages_nodejs
[ 62%] [34m[1mGenerating Python from MSG nav_msgs/OccupancyGrid[0m
[35m[1mScanning dependencies of target nav_msgs_generate_messages_cpp[0m
[ 63%] [34m[1mGenerating C++ code from nav_msgs/GridCells.msg[0m
[ 65%] [34m[1mGenerating C++ code from nav_msgs/MapMetaData.msg[0m
[ 66%] [34m[1mGenerating Python from MSG nav_msgs/Odometry[0m
[ 67%] [34m[1mGenerating C++ code from nav_msgs/OccupancyGrid.msg[0m
[ 69%] [34m[1mGenerating Python from MSG nav_msgs/Path[0m
[ 69%] [34m[1mGenerating C++ code from nav_msgs/Odometry.msg[0m
[ 71%] [34m[1mGenerating C++ code from nav_msgs/Path.msg[0m
[ 72%] [34m[1mGenerating Python from MSG nav_msgs/GetMapAction[0m
[ 73%] [34m[1mGenerating C++ code from nav_msgs/GetMapAction.msg[0m
[ 74%] [34m[1mGenerating C++ code from nav_msgs/GetMapActionGoal.msg[0m
[ 75%] [34m[1mGenerating Python from MSG nav_msgs/GetMapActionGoal[0m
[ 77%] [34m[1mGenerating C++ code from nav_msgs/GetMapActionResult.msg[0m
[ 78%] [34m[1mGenerating Python from MSG nav_msgs/GetMapActionResult[0m
[ 79%] [34m[1mGenerating C++ code from nav_msgs/GetMapActionFeedback.msg[0m
[ 80%] [34m[1mGenerating C++ code from nav_msgs/GetMapGoal.msg[0m
[ 81%] [34m[1mGenerating Python from MSG nav_msgs/GetMapActionFeedback[0m
[ 83%] [34m[1mGenerating C++ code from nav_msgs/GetMapResult.msg[0m
[ 85%] [34m[1mGenerating Python from MSG nav_msgs/GetMapGoal[0m
[ 85%] [34m[1mGenerating C++ code from nav_msgs/GetMapFeedback.msg[0m
[ 86%] [34m[1mGenerating C++ code from nav_msgs/GetMap.srv[0m
[ 87%] [34m[1mGenerating Python from MSG nav_msgs/GetMapResult[0m
[ 89%] [34m[1mGenerating C++ code from nav_msgs/GetPlan.srv[0m
[ 90%] [34m[1mGenerating Python from MSG nav_msgs/GetMapFeedback[0m
[ 91%] [34m[1mGenerating C++ code from nav_msgs/SetMap.srv[0m
[ 92%] [34m[1mGenerating Python code from SRV nav_msgs/GetMap[0m
[ 93%] [34m[1mGenerating C++ code from nav_msgs/LoadMap.srv[0m
[ 95%] [34m[1mGenerating Python code from SRV nav_msgs/GetPlan[0m
[ 95%] Built target nav_msgs_generate_messages_cpp
[ 96%] [34m[1mGenerating Python code from SRV nav_msgs/SetMap[0m
[ 97%] [34m[1mGenerating Python code from SRV nav_msgs/LoadMap[0m
[ 98%] [34m[1mGenerating Python msg __init__.py for nav_msgs[0m
[100%] [34m[1mGenerating Python srv __init__.py for nav_msgs[0m
[100%] Built target nav_msgs_generate_messages_py
[35m[1mScanning dependencies of target nav_msgs_generate_messages[0m
[100%] Built target nav_msgs_generate_messages
