[  0%] Built target _nav_msgs_generate_messages_check_deps_GetMapActionResult
[  0%] Built target _nav_msgs_generate_messages_check_deps_LoadMap
[  0%] Built target _nav_msgs_generate_messages_check_deps_SetMap
[  0%] Built target _nav_msgs_generate_messages_check_deps_GetMapFeedback
[  0%] Built target _nav_msgs_generate_messages_check_deps_GetMapGoal
[  0%] Built target std_msgs_generate_messages_eus
[  0%] Built target _nav_msgs_generate_messages_check_deps_GetMap
[  0%] Built target _nav_msgs_generate_messages_check_deps_GetMapResult
[  0%] Built target _nav_msgs_generate_messages_check_deps_GetMapActionFeedback
[  0%] Built target actionlib_msgs_generate_messages_eus
[  0%] Built target _nav_msgs_generate_messages_check_deps_Path
[  0%] Built target _nav_msgs_generate_messages_check_deps_GridCells
[  0%] Built target _nav_msgs_generate_messages_check_deps_GetPlan
[  0%] Built target _nav_msgs_generate_messages_check_deps_GetMapActionGoal
[  0%] Built target geometry_msgs_generate_messages_eus
[  0%] Built target _nav_msgs_generate_messages_check_deps_GetMapAction
[  0%] Built target _nav_msgs_generate_messages_check_deps_MapMetaData
[  0%] Built target _nav_msgs_generate_messages_check_deps_OccupancyGrid
[  0%] Built target _nav_msgs_generate_messages_check_deps_Odometry
[  0%] Built target std_msgs_generate_messages_lisp
[  0%] Built target geometry_msgs_generate_messages_lisp
[  0%] Built target actionlib_msgs_generate_messages_lisp
[  0%] Built target geometry_msgs_generate_messages_nodejs
[  0%] Built target std_msgs_generate_messages_nodejs
[  0%] Built target actionlib_msgs_generate_messages_nodejs
[  0%] Built target geometry_msgs_generate_messages_py
[  0%] Built target actionlib_msgs_generate_messages_py
[  0%] Built target std_msgs_generate_messages_py
[  0%] Built target actionlib_msgs_generate_messages_cpp
[  0%] Built target std_msgs_generate_messages_cpp
[  0%] Built target geometry_msgs_generate_messages_cpp
[ 20%] Built target nav_msgs_generate_messages_eus
[ 39%] Built target nav_msgs_generate_messages_lisp
[ 59%] Built target nav_msgs_generate_messages_nodejs
[ 80%] Built target nav_msgs_generate_messages_py
[100%] Built target nav_msgs_generate_messages_cpp
[100%] Built target nav_msgs_generate_messages
