/usr/bin/ld: CMakeFiles/voxel2map.dir/src/voxel2map.cpp.o: in function `main':
voxel2map.cpp:(.text+0x7a): undefined reference to `ros::init(int&, char**, std::__cxx11::basic_string<char, std::char_traits<char>, std::allocator<char> > const&, unsigned int)'
/usr/bin/ld: voxel2map.cpp:(.text+0xa3): undefined reference to `ros::spin()'
/usr/bin/ld: CMakeFiles/voxel2map.dir/src/voxel2map.cpp.o: in function `pcl_conversions::fromPCL(unsigned long const&, ros::Time&)':
voxel2map.cpp:(.text._ZN15pcl_conversions7fromPCLERKmRN3ros4TimeE[_ZN15pcl_conversions7fromPCLERKmRN3ros4TimeE]+0x2d): undefined reference to `ros::TimeBase<ros::Time, ros::Duration>::fromNSec(unsigned long)'
/usr/bin/ld: CMakeFiles/voxel2map.dir/src/voxel2map.cpp.o: in function `CostmapGenerator::CostmapGenerator()':
voxel2map.cpp:(.text._ZN16CostmapGeneratorC2Ev[_ZN16CostmapGeneratorC5Ev]+0xed): undefined reference to `ros::NodeHandle::NodeHandle(std::__cxx11::basic_string<char, std::char_traits<char>, std::allocator<char> > const&, std::map<std::__cxx11::basic_string<char, std::char_traits<char>, std::allocator<char> >, std::__cxx11::basic_string<char, std::char_traits<char>, std::allocator<char> >, std::less<std::__cxx11::basic_string<char, std::char_traits<char>, std::allocator<char> > >, std::allocator<std::pair<std::__cxx11::basic_string<char, std::char_traits<char>, std::allocator<char> > const, std::__cxx11::basic_string<char, std::char_traits<char>, std::allocator<char> > > > > const&)'
/usr/bin/ld: voxel2map.cpp:(.text._ZN16CostmapGeneratorC2Ev[_ZN16CostmapGeneratorC5Ev]+0x227): undefined reference to `ros::Subscriber::~Subscriber()'
/usr/bin/ld: voxel2map.cpp:(.text._ZN16CostmapGeneratorC2Ev[_ZN16CostmapGeneratorC5Ev]+0x2d4): undefined reference to `ros::Publisher::~Publisher()'
/usr/bin/ld: voxel2map.cpp:(.text._ZN16CostmapGeneratorC2Ev[_ZN16CostmapGeneratorC5Ev]+0x301): undefined reference to `ros::NodeHandle::~NodeHandle()'
/usr/bin/ld: voxel2map.cpp:(.text._ZN16CostmapGeneratorC2Ev[_ZN16CostmapGeneratorC5Ev]+0x3d5): undefined reference to `ros::NodeHandle::~NodeHandle()'
/usr/bin/ld: voxel2map.cpp:(.text._ZN16CostmapGeneratorC2Ev[_ZN16CostmapGeneratorC5Ev]+0x3e8): undefined reference to `ros::Publisher::~Publisher()'
/usr/bin/ld: voxel2map.cpp:(.text._ZN16CostmapGeneratorC2Ev[_ZN16CostmapGeneratorC5Ev]+0x3f7): undefined reference to `ros::Subscriber::~Subscriber()'
/usr/bin/ld: CMakeFiles/voxel2map.dir/src/voxel2map.cpp.o: in function `CostmapGenerator::pointcloudCallback(boost::shared_ptr<sensor_msgs::PointCloud2_<std::allocator<void> > const> const&)':
voxel2map.cpp:(.text._ZN16CostmapGenerator18pointcloudCallbackERKN5boost10shared_ptrIKN11sensor_msgs12PointCloud2_ISaIvEEEEE[_ZN16CostmapGenerator18pointcloudCallbackERKN5boost10shared_ptrIKN11sensor_msgs12PointCloud2_ISaIvEEEEE]+0xe6): undefined reference to `pcl::PCLBase<pcl::PointXYZ>::setInputCloud(boost::shared_ptr<pcl::PointCloud<pcl::PointXYZ> const> const&)'
/usr/bin/ld: CMakeFiles/voxel2map.dir/src/voxel2map.cpp.o: in function `CostmapGenerator::~CostmapGenerator()':
voxel2map.cpp:(.text._ZN16CostmapGeneratorD2Ev[_ZN16CostmapGeneratorD5Ev]+0x1c): undefined reference to `ros::Publisher::~Publisher()'
/usr/bin/ld: voxel2map.cpp:(.text._ZN16CostmapGeneratorD2Ev[_ZN16CostmapGeneratorD5Ev]+0x28): undefined reference to `ros::Subscriber::~Subscriber()'
/usr/bin/ld: CMakeFiles/voxel2map.dir/src/voxel2map.cpp.o: in function `ros::Subscriber ros::NodeHandle::subscribe<sensor_msgs::PointCloud2_<std::allocator<void> >, CostmapGenerator>(std::__cxx11::basic_string<char, std::char_traits<char>, std::allocator<char> > const&, unsigned int, void (CostmapGenerator::*)(boost::shared_ptr<sensor_msgs::PointCloud2_<std::allocator<void> > const> const&), CostmapGenerator*, ros::TransportHints const&)':
voxel2map.cpp:(.text._ZN3ros10NodeHandle9subscribeIN11sensor_msgs12PointCloud2_ISaIvEEE16CostmapGeneratorEENS_10SubscriberERKNSt7__cxx1112basic_stringIcSt11char_traitsIcESaIcEEEjMT0_FvRKN5boost10shared_ptrIKT_EEEPSG_RKNS_14TransportHintsE[_ZN3ros10NodeHandle9subscribeIN11sensor_msgs12PointCloud2_ISaIvEEE16CostmapGeneratorEENS_10SubscriberERKNSt7__cxx1112basic_stringIcSt11char_traitsIcESaIcEEEjMT0_FvRKN5boost10shared_ptrIKT_EEEPSG_RKNS_14TransportHintsE]+0x15a): undefined reference to `ros::NodeHandle::subscribe(ros::SubscribeOptions&)'
/usr/bin/ld: CMakeFiles/voxel2map.dir/src/voxel2map.cpp.o: in function `ros::Publisher ros::NodeHandle::advertise<sensor_msgs::PointCloud2_<std::allocator<void> > >(std::__cxx11::basic_string<char, std::char_traits<char>, std::allocator<char> > const&, unsigned int, bool)':
voxel2map.cpp:(.text._ZN3ros10NodeHandle9advertiseIN11sensor_msgs12PointCloud2_ISaIvEEEEENS_9PublisherERKNSt7__cxx1112basic_stringIcSt11char_traitsIcESaIcEEEjb[_ZN3ros10NodeHandle9advertiseIN11sensor_msgs12PointCloud2_ISaIvEEEEENS_9PublisherERKNSt7__cxx1112basic_stringIcSt11char_traitsIcESaIcEEEjb]+0x139): undefined reference to `ros::NodeHandle::advertise(ros::AdvertiseOptions&)'
/usr/bin/ld: CMakeFiles/voxel2map.dir/src/voxel2map.cpp.o: in function `pcl::Filter<pcl::PointXYZ>::filter(pcl::PointCloud<pcl::PointXYZ>&)':
voxel2map.cpp:(.text._ZN3pcl6FilterINS_8PointXYZEE6filterERNS_10PointCloudIS1_EE[_ZN3pcl6FilterINS_8PointXYZEE6filterERNS_10PointCloudIS1_EE]+0x38): undefined reference to `pcl::PCLBase<pcl::PointXYZ>::initCompute()'
/usr/bin/ld: voxel2map.cpp:(.text._ZN3pcl6FilterINS_8PointXYZEE6filterERNS_10PointCloudIS1_EE[_ZN3pcl6FilterINS_8PointXYZEE6filterERNS_10PointCloudIS1_EE]+0x205): undefined reference to `pcl::PCLBase<pcl::PointXYZ>::deinitCompute()'
/usr/bin/ld: CMakeFiles/voxel2map.dir/src/voxel2map.cpp.o: in function `void ros::Publisher::publish<sensor_msgs::PointCloud2_<std::allocator<void> > >(sensor_msgs::PointCloud2_<std::allocator<void> > const&) const':
voxel2map.cpp:(.text._ZNK3ros9Publisher7publishIN11sensor_msgs12PointCloud2_ISaIvEEEEEvRKT_[_ZNK3ros9Publisher7publishIN11sensor_msgs12PointCloud2_ISaIvEEEEEvRKT_]+0x4b): undefined reference to `ros::console::g_initialized'
/usr/bin/ld: voxel2map.cpp:(.text._ZNK3ros9Publisher7publishIN11sensor_msgs12PointCloud2_ISaIvEEEEEvRKT_[_ZNK3ros9Publisher7publishIN11sensor_msgs12PointCloud2_ISaIvEEEEEvRKT_]+0x5b): undefined reference to `ros::console::initialize()'
/usr/bin/ld: voxel2map.cpp:(.text._ZNK3ros9Publisher7publishIN11sensor_msgs12PointCloud2_ISaIvEEEEEvRKT_[_ZNK3ros9Publisher7publishIN11sensor_msgs12PointCloud2_ISaIvEEEEEvRKT_]+0xae): undefined reference to `ros::console::initializeLogLocation(ros::console::LogLocation*, std::__cxx11::basic_string<char, std::char_traits<char>, std::allocator<char> > const&, ros::console::levels::Level)'
/usr/bin/ld: voxel2map.cpp:(.text._ZNK3ros9Publisher7publishIN11sensor_msgs12PointCloud2_ISaIvEEEEEvRKT_[_ZNK3ros9Publisher7publishIN11sensor_msgs12PointCloud2_ISaIvEEEEEvRKT_]+0xee): undefined reference to `ros::console::setLogLocationLevel(ros::console::LogLocation*, ros::console::levels::Level)'
/usr/bin/ld: voxel2map.cpp:(.text._ZNK3ros9Publisher7publishIN11sensor_msgs12PointCloud2_ISaIvEEEEEvRKT_[_ZNK3ros9Publisher7publishIN11sensor_msgs12PointCloud2_ISaIvEEEEEvRKT_]+0xfa): undefined reference to `ros::console::checkLogLocationEnabled(ros::console::LogLocation*)'
/usr/bin/ld: voxel2map.cpp:(.text._ZNK3ros9Publisher7publishIN11sensor_msgs12PointCloud2_ISaIvEEEEEvRKT_[_ZNK3ros9Publisher7publishIN11sensor_msgs12PointCloud2_ISaIvEEEEEvRKT_]+0x160): undefined reference to `ros::console::print(ros::console::FilterBase*, void*, ros::console::levels::Level, char const*, int, char const*, char const*, ...)'
/usr/bin/ld: voxel2map.cpp:(.text._ZNK3ros9Publisher7publishIN11sensor_msgs12PointCloud2_ISaIvEEEEEvRKT_[_ZNK3ros9Publisher7publishIN11sensor_msgs12PointCloud2_ISaIvEEEEEvRKT_]+0x16b): undefined reference to `ros::console::g_initialized'
/usr/bin/ld: voxel2map.cpp:(.text._ZNK3ros9Publisher7publishIN11sensor_msgs12PointCloud2_ISaIvEEEEEvRKT_[_ZNK3ros9Publisher7publishIN11sensor_msgs12PointCloud2_ISaIvEEEEEvRKT_]+0x17b): undefined reference to `ros::console::initialize()'
/usr/bin/ld: voxel2map.cpp:(.text._ZNK3ros9Publisher7publishIN11sensor_msgs12PointCloud2_ISaIvEEEEEvRKT_[_ZNK3ros9Publisher7publishIN11sensor_msgs12PointCloud2_ISaIvEEEEEvRKT_]+0x1ce): undefined reference to `ros::console::initializeLogLocation(ros::console::LogLocation*, std::__cxx11::basic_string<char, std::char_traits<char>, std::allocator<char> > const&, ros::console::levels::Level)'
/usr/bin/ld: voxel2map.cpp:(.text._ZNK3ros9Publisher7publishIN11sensor_msgs12PointCloud2_ISaIvEEEEEvRKT_[_ZNK3ros9Publisher7publishIN11sensor_msgs12PointCloud2_ISaIvEEEEEvRKT_]+0x20e): undefined reference to `ros::console::setLogLocationLevel(ros::console::LogLocation*, ros::console::levels::Level)'
/usr/bin/ld: voxel2map.cpp:(.text._ZNK3ros9Publisher7publishIN11sensor_msgs12PointCloud2_ISaIvEEEEEvRKT_[_ZNK3ros9Publisher7publishIN11sensor_msgs12PointCloud2_ISaIvEEEEEvRKT_]+0x21a): undefined reference to `ros::console::checkLogLocationEnabled(ros::console::LogLocation*)'
/usr/bin/ld: voxel2map.cpp:(.text._ZNK3ros9Publisher7publishIN11sensor_msgs12PointCloud2_ISaIvEEEEEvRKT_[_ZNK3ros9Publisher7publishIN11sensor_msgs12PointCloud2_ISaIvEEEEEvRKT_]+0x272): undefined reference to `ros::console::print(ros::console::FilterBase*, void*, ros::console::levels::Level, char const*, int, char const*, char const*, ...)'
/usr/bin/ld: voxel2map.cpp:(.text._ZNK3ros9Publisher7publishIN11sensor_msgs12PointCloud2_ISaIvEEEEEvRKT_[_ZNK3ros9Publisher7publishIN11sensor_msgs12PointCloud2_ISaIvEEEEEvRKT_]+0x27d): undefined reference to `ros::console::g_initialized'
/usr/bin/ld: voxel2map.cpp:(.text._ZNK3ros9Publisher7publishIN11sensor_msgs12PointCloud2_ISaIvEEEEEvRKT_[_ZNK3ros9Publisher7publishIN11sensor_msgs12PointCloud2_ISaIvEEEEEvRKT_]+0x28d): undefined reference to `ros::console::initialize()'
/usr/bin/ld: voxel2map.cpp:(.text._ZNK3ros9Publisher7publishIN11sensor_msgs12PointCloud2_ISaIvEEEEEvRKT_[_ZNK3ros9Publisher7publishIN11sensor_msgs12PointCloud2_ISaIvEEEEEvRKT_]+0x2e0): undefined reference to `ros::console::initializeLogLocation(ros::console::LogLocation*, std::__cxx11::basic_string<char, std::char_traits<char>, std::allocator<char> > const&, ros::console::levels::Level)'
/usr/bin/ld: voxel2map.cpp:(.text._ZNK3ros9Publisher7publishIN11sensor_msgs12PointCloud2_ISaIvEEEEEvRKT_[_ZNK3ros9Publisher7publishIN11sensor_msgs12PointCloud2_ISaIvEEEEEvRKT_]+0x320): undefined reference to `ros::console::setLogLocationLevel(ros::console::LogLocation*, ros::console::levels::Level)'
/usr/bin/ld: voxel2map.cpp:(.text._ZNK3ros9Publisher7publishIN11sensor_msgs12PointCloud2_ISaIvEEEEEvRKT_[_ZNK3ros9Publisher7publishIN11sensor_msgs12PointCloud2_ISaIvEEEEEvRKT_]+0x32c): undefined reference to `ros::console::checkLogLocationEnabled(ros::console::LogLocation*)'
/usr/bin/ld: voxel2map.cpp:(.text._ZNK3ros9Publisher7publishIN11sensor_msgs12PointCloud2_ISaIvEEEEEvRKT_[_ZNK3ros9Publisher7publishIN11sensor_msgs12PointCloud2_ISaIvEEEEEvRKT_]+0x384): undefined reference to `ros::console::print(ros::console::FilterBase*, void*, ros::console::levels::Level, char const*, int, char const*, char const*, ...)'
/usr/bin/ld: voxel2map.cpp:(.text._ZNK3ros9Publisher7publishIN11sensor_msgs12PointCloud2_ISaIvEEEEEvRKT_[_ZNK3ros9Publisher7publishIN11sensor_msgs12PointCloud2_ISaIvEEEEEvRKT_]+0x3a5): undefined reference to `ros::Publisher::Impl::isValid() const'
/usr/bin/ld: voxel2map.cpp:(.text._ZNK3ros9Publisher7publishIN11sensor_msgs12PointCloud2_ISaIvEEEEEvRKT_[_ZNK3ros9Publisher7publishIN11sensor_msgs12PointCloud2_ISaIvEEEEEvRKT_]+0x3b7): undefined reference to `ros::console::g_initialized'
/usr/bin/ld: voxel2map.cpp:(.text._ZNK3ros9Publisher7publishIN11sensor_msgs12PointCloud2_ISaIvEEEEEvRKT_[_ZNK3ros9Publisher7publishIN11sensor_msgs12PointCloud2_ISaIvEEEEEvRKT_]+0x3c7): undefined reference to `ros::console::initialize()'
/usr/bin/ld: voxel2map.cpp:(.text._ZNK3ros9Publisher7publishIN11sensor_msgs12PointCloud2_ISaIvEEEEEvRKT_[_ZNK3ros9Publisher7publishIN11sensor_msgs12PointCloud2_ISaIvEEEEEvRKT_]+0x41a): undefined reference to `ros::console::initializeLogLocation(ros::console::LogLocation*, std::__cxx11::basic_string<char, std::char_traits<char>, std::allocator<char> > const&, ros::console::levels::Level)'
/usr/bin/ld: voxel2map.cpp:(.text._ZNK3ros9Publisher7publishIN11sensor_msgs12PointCloud2_ISaIvEEEEEvRKT_[_ZNK3ros9Publisher7publishIN11sensor_msgs12PointCloud2_ISaIvEEEEEvRKT_]+0x45a): undefined reference to `ros::console::setLogLocationLevel(ros::console::LogLocation*, ros::console::levels::Level)'
/usr/bin/ld: voxel2map.cpp:(.text._ZNK3ros9Publisher7publishIN11sensor_msgs12PointCloud2_ISaIvEEEEEvRKT_[_ZNK3ros9Publisher7publishIN11sensor_msgs12PointCloud2_ISaIvEEEEEvRKT_]+0x466): undefined reference to `ros::console::checkLogLocationEnabled(ros::console::LogLocation*)'
/usr/bin/ld: voxel2map.cpp:(.text._ZNK3ros9Publisher7publishIN11sensor_msgs12PointCloud2_ISaIvEEEEEvRKT_[_ZNK3ros9Publisher7publishIN11sensor_msgs12PointCloud2_ISaIvEEEEEvRKT_]+0x4cc): undefined reference to `ros::console::print(ros::console::FilterBase*, void*, ros::console::levels::Level, char const*, int, char const*, char const*, ...)'
/usr/bin/ld: voxel2map.cpp:(.text._ZNK3ros9Publisher7publishIN11sensor_msgs12PointCloud2_ISaIvEEEEEvRKT_[_ZNK3ros9Publisher7publishIN11sensor_msgs12PointCloud2_ISaIvEEEEEvRKT_]+0x4d7): undefined reference to `ros::console::g_initialized'
/usr/bin/ld: voxel2map.cpp:(.text._ZNK3ros9Publisher7publishIN11sensor_msgs12PointCloud2_ISaIvEEEEEvRKT_[_ZNK3ros9Publisher7publishIN11sensor_msgs12PointCloud2_ISaIvEEEEEvRKT_]+0x4e7): undefined reference to `ros::console::initialize()'
/usr/bin/ld: voxel2map.cpp:(.text._ZNK3ros9Publisher7publishIN11sensor_msgs12PointCloud2_ISaIvEEEEEvRKT_[_ZNK3ros9Publisher7publishIN11sensor_msgs12PointCloud2_ISaIvEEEEEvRKT_]+0x53a): undefined reference to `ros::console::initializeLogLocation(ros::console::LogLocation*, std::__cxx11::basic_string<char, std::char_traits<char>, std::allocator<char> > const&, ros::console::levels::Level)'
/usr/bin/ld: voxel2map.cpp:(.text._ZNK3ros9Publisher7publishIN11sensor_msgs12PointCloud2_ISaIvEEEEEvRKT_[_ZNK3ros9Publisher7publishIN11sensor_msgs12PointCloud2_ISaIvEEEEEvRKT_]+0x57a): undefined reference to `ros::console::setLogLocationLevel(ros::console::LogLocation*, ros::console::levels::Level)'
/usr/bin/ld: voxel2map.cpp:(.text._ZNK3ros9Publisher7publishIN11sensor_msgs12PointCloud2_ISaIvEEEEEvRKT_[_ZNK3ros9Publisher7publishIN11sensor_msgs12PointCloud2_ISaIvEEEEEvRKT_]+0x586): undefined reference to `ros::console::checkLogLocationEnabled(ros::console::LogLocation*)'
/usr/bin/ld: voxel2map.cpp:(.text._ZNK3ros9Publisher7publishIN11sensor_msgs12PointCloud2_ISaIvEEEEEvRKT_[_ZNK3ros9Publisher7publishIN11sensor_msgs12PointCloud2_ISaIvEEEEEvRKT_]+0x5f5): undefined reference to `ros::console::print(ros::console::FilterBase*, void*, ros::console::levels::Level, char const*, int, char const*, char const*, ...)'
/usr/bin/ld: voxel2map.cpp:(.text._ZNK3ros9Publisher7publishIN11sensor_msgs12PointCloud2_ISaIvEEEEEvRKT_[_ZNK3ros9Publisher7publishIN11sensor_msgs12PointCloud2_ISaIvEEEEEvRKT_]+0x600): undefined reference to `ros::console::g_initialized'
/usr/bin/ld: voxel2map.cpp:(.text._ZNK3ros9Publisher7publishIN11sensor_msgs12PointCloud2_ISaIvEEEEEvRKT_[_ZNK3ros9Publisher7publishIN11sensor_msgs12PointCloud2_ISaIvEEEEEvRKT_]+0x610): undefined reference to `ros::console::initialize()'
/usr/bin/ld: voxel2map.cpp:(.text._ZNK3ros9Publisher7publishIN11sensor_msgs12PointCloud2_ISaIvEEEEEvRKT_[_ZNK3ros9Publisher7publishIN11sensor_msgs12PointCloud2_ISaIvEEEEEvRKT_]+0x663): undefined reference to `ros::console::initializeLogLocation(ros::console::LogLocation*, std::__cxx11::basic_string<char, std::char_traits<char>, std::allocator<char> > const&, ros::console::levels::Level)'
/usr/bin/ld: voxel2map.cpp:(.text._ZNK3ros9Publisher7publishIN11sensor_msgs12PointCloud2_ISaIvEEEEEvRKT_[_ZNK3ros9Publisher7publishIN11sensor_msgs12PointCloud2_ISaIvEEEEEvRKT_]+0x6a3): undefined reference to `ros::console::setLogLocationLevel(ros::console::LogLocation*, ros::console::levels::Level)'
/usr/bin/ld: voxel2map.cpp:(.text._ZNK3ros9Publisher7publishIN11sensor_msgs12PointCloud2_ISaIvEEEEEvRKT_[_ZNK3ros9Publisher7publishIN11sensor_msgs12PointCloud2_ISaIvEEEEEvRKT_]+0x6af): undefined reference to `ros::console::checkLogLocationEnabled(ros::console::LogLocation*)'
/usr/bin/ld: voxel2map.cpp:(.text._ZNK3ros9Publisher7publishIN11sensor_msgs12PointCloud2_ISaIvEEEEEvRKT_[_ZNK3ros9Publisher7publishIN11sensor_msgs12PointCloud2_ISaIvEEEEEvRKT_]+0x707): undefined reference to `ros::console::print(ros::console::FilterBase*, void*, ros::console::levels::Level, char const*, int, char const*, char const*, ...)'
/usr/bin/ld: voxel2map.cpp:(.text._ZNK3ros9Publisher7publishIN11sensor_msgs12PointCloud2_ISaIvEEEEEvRKT_[_ZNK3ros9Publisher7publishIN11sensor_msgs12PointCloud2_ISaIvEEEEEvRKT_]+0x815): undefined reference to `ros::console::g_initialized'
/usr/bin/ld: voxel2map.cpp:(.text._ZNK3ros9Publisher7publishIN11sensor_msgs12PointCloud2_ISaIvEEEEEvRKT_[_ZNK3ros9Publisher7publishIN11sensor_msgs12PointCloud2_ISaIvEEEEEvRKT_]+0x825): undefined reference to `ros::console::initialize()'
/usr/bin/ld: voxel2map.cpp:(.text._ZNK3ros9Publisher7publishIN11sensor_msgs12PointCloud2_ISaIvEEEEEvRKT_[_ZNK3ros9Publisher7publishIN11sensor_msgs12PointCloud2_ISaIvEEEEEvRKT_]+0x878): undefined reference to `ros::console::initializeLogLocation(ros::console::LogLocation*, std::__cxx11::basic_string<char, std::char_traits<char>, std::allocator<char> > const&, ros::console::levels::Level)'
/usr/bin/ld: voxel2map.cpp:(.text._ZNK3ros9Publisher7publishIN11sensor_msgs12PointCloud2_ISaIvEEEEEvRKT_[_ZNK3ros9Publisher7publishIN11sensor_msgs12PointCloud2_ISaIvEEEEEvRKT_]+0x8b7): undefined reference to `ros::console::setLogLocationLevel(ros::console::LogLocation*, ros::console::levels::Level)'
/usr/bin/ld: voxel2map.cpp:(.text._ZNK3ros9Publisher7publishIN11sensor_msgs12PointCloud2_ISaIvEEEEEvRKT_[_ZNK3ros9Publisher7publishIN11sensor_msgs12PointCloud2_ISaIvEEEEEvRKT_]+0x8c3): undefined reference to `ros::console::checkLogLocationEnabled(ros::console::LogLocation*)'
/usr/bin/ld: voxel2map.cpp:(.text._ZNK3ros9Publisher7publishIN11sensor_msgs12PointCloud2_ISaIvEEEEEvRKT_[_ZNK3ros9Publisher7publishIN11sensor_msgs12PointCloud2_ISaIvEEEEEvRKT_]+0x9a2): undefined reference to `ros::console::print(ros::console::FilterBase*, void*, ros::console::levels::Level, char const*, int, char const*, char const*, ...)'
/usr/bin/ld: voxel2map.cpp:(.text._ZNK3ros9Publisher7publishIN11sensor_msgs12PointCloud2_ISaIvEEEEEvRKT_[_ZNK3ros9Publisher7publishIN11sensor_msgs12PointCloud2_ISaIvEEEEEvRKT_]+0xa35): undefined reference to `ros::Publisher::publish(boost::function<ros::SerializedMessage ()> const&, ros::SerializedMessage&) const'
/usr/bin/ld: CMakeFiles/voxel2map.dir/src/voxel2map.cpp.o: in function `pcl::Filter<pcl::PointXYZ>::Filter(bool)':
voxel2map.cpp:(.text._ZN3pcl6FilterINS_8PointXYZEEC2Eb[_ZN3pcl6FilterINS_8PointXYZEEC5Eb]+0x20): undefined reference to `pcl::PCLBase<pcl::PointXYZ>::PCLBase()'
/usr/bin/ld: CMakeFiles/voxel2map.dir/src/voxel2map.cpp.o: in function `void ros::serialization::Serializer<unsigned int>::write<ros::serialization::OStream>(ros::serialization::OStream&, unsigned int)':
voxel2map.cpp:(.text._ZN3ros13serialization10SerializerIjE5writeINS0_7OStreamEEEvRT_j[_ZN3ros13serialization10SerializerIjE5writeINS0_7OStreamEEEvRT_j]+0x56): undefined reference to `ros::serialization::throwStreamOverrun()'
/usr/bin/ld: CMakeFiles/voxel2map.dir/src/voxel2map.cpp.o: in function `void pcl::detail::FieldMapper<pcl::PointXYZ>::operator()<pcl::fields::x>()':
voxel2map.cpp:(.text._ZN3pcl6detail11FieldMapperINS_8PointXYZEEclINS_6fields1xEEEvv[_ZN3pcl6detail11FieldMapperINS_8PointXYZEEclINS_6fields1xEEEvv]+0xe8): undefined reference to `pcl::console::print(pcl::console::VERBOSITY_LEVEL, char const*, ...)'
/usr/bin/ld: CMakeFiles/voxel2map.dir/src/voxel2map.cpp.o: in function `void pcl::detail::FieldMapper<pcl::PointXYZ>::operator()<pcl::fields::y>()':
voxel2map.cpp:(.text._ZN3pcl6detail11FieldMapperINS_8PointXYZEEclINS_6fields1yEEEvv[_ZN3pcl6detail11FieldMapperINS_8PointXYZEEclINS_6fields1yEEEvv]+0xe8): undefined reference to `pcl::console::print(pcl::console::VERBOSITY_LEVEL, char const*, ...)'
/usr/bin/ld: CMakeFiles/voxel2map.dir/src/voxel2map.cpp.o: in function `void pcl::detail::FieldMapper<pcl::PointXYZ>::operator()<pcl::fields::z>()':
voxel2map.cpp:(.text._ZN3pcl6detail11FieldMapperINS_8PointXYZEEclINS_6fields1zEEEvv[_ZN3pcl6detail11FieldMapperINS_8PointXYZEEclINS_6fields1zEEEvv]+0xe8): undefined reference to `pcl::console::print(pcl::console::VERBOSITY_LEVEL, char const*, ...)'
/usr/bin/ld: CMakeFiles/voxel2map.dir/src/voxel2map.cpp.o: in function `void ros::serialization::Serializer<unsigned char>::write<ros::serialization::OStream>(ros::serialization::OStream&, unsigned char)':
voxel2map.cpp:(.text._ZN3ros13serialization10SerializerIhE5writeINS0_7OStreamEEEvRT_h[_ZN3ros13serialization10SerializerIhE5writeINS0_7OStreamEEEvRT_h]+0x58): undefined reference to `ros::serialization::throwStreamOverrun()'
/usr/bin/ld: CMakeFiles/voxel2map.dir/src/voxel2map.cpp.o: in function `void ros::serialization::VectorSerializer<unsigned char, std::allocator<unsigned char>, void>::write<ros::serialization::OStream>(ros::serialization::OStream&, std::vector<unsigned char, std::allocator<unsigned char> > const&)':
voxel2map.cpp:(.text._ZN3ros13serialization16VectorSerializerIhSaIhEvE5writeINS0_7OStreamEEEvRT_RKSt6vectorIhS2_E[_ZN3ros13serialization16VectorSerializerIhSaIhEvE5writeINS0_7OStreamEEEvRT_RKSt6vectorIhS2_E]+0xbe): undefined reference to `ros::serialization::throwStreamOverrun()'
/usr/bin/ld: CMakeFiles/voxel2map.dir/src/voxel2map.cpp.o: in function `void ros::serialization::Serializer<std::__cxx11::basic_string<char, std::char_traits<char>, std::allocator<char> > >::write<ros::serialization::OStream>(ros::serialization::OStream&, std::__cxx11::basic_string<char, std::char_traits<char>, std::allocator<char> > const&)':
voxel2map.cpp:(.text._ZN3ros13serialization10SerializerINSt7__cxx1112basic_stringIcSt11char_traitsIcESaIcEEEE5writeINS0_7OStreamEEEvRT_RKS7_[_ZN3ros13serialization10SerializerINSt7__cxx1112basic_stringIcSt11char_traitsIcESaIcEEEE5writeINS0_7OStreamEEEvRT_RKS7_]+0xb0): undefined reference to `ros::serialization::throwStreamOverrun()'
/usr/bin/ld: CMakeFiles/voxel2map.dir/src/voxel2map.cpp.o:(.data.rel.ro._ZTVN3pcl9VoxelGridINS_8PointXYZEEE[_ZTVN3pcl9VoxelGridINS_8PointXYZEEE]+0x20): undefined reference to `pcl::PCLBase<pcl::PointXYZ>::setInputCloud(boost::shared_ptr<pcl::PointCloud<pcl::PointXYZ> const> const&)'
/usr/bin/ld: CMakeFiles/voxel2map.dir/src/voxel2map.cpp.o:(.data.rel.ro._ZTVN3pcl9VoxelGridINS_8PointXYZEEE[_ZTVN3pcl9VoxelGridINS_8PointXYZEEE]+0x28): undefined reference to `pcl::PCLBase<pcl::PointXYZ>::setIndices(boost::shared_ptr<std::vector<int, std::allocator<int> > > const&)'
/usr/bin/ld: CMakeFiles/voxel2map.dir/src/voxel2map.cpp.o:(.data.rel.ro._ZTVN3pcl9VoxelGridINS_8PointXYZEEE[_ZTVN3pcl9VoxelGridINS_8PointXYZEEE]+0x30): undefined reference to `pcl::PCLBase<pcl::PointXYZ>::setIndices(boost::shared_ptr<std::vector<int, std::allocator<int> > const> const&)'
/usr/bin/ld: CMakeFiles/voxel2map.dir/src/voxel2map.cpp.o:(.data.rel.ro._ZTVN3pcl9VoxelGridINS_8PointXYZEEE[_ZTVN3pcl9VoxelGridINS_8PointXYZEEE]+0x38): undefined reference to `pcl::PCLBase<pcl::PointXYZ>::setIndices(boost::shared_ptr<pcl::PointIndices const> const&)'
/usr/bin/ld: CMakeFiles/voxel2map.dir/src/voxel2map.cpp.o:(.data.rel.ro._ZTVN3pcl9VoxelGridINS_8PointXYZEEE[_ZTVN3pcl9VoxelGridINS_8PointXYZEEE]+0x40): undefined reference to `pcl::PCLBase<pcl::PointXYZ>::setIndices(unsigned long, unsigned long, unsigned long, unsigned long)'
/usr/bin/ld: CMakeFiles/voxel2map.dir/src/voxel2map.cpp.o:(.data.rel.ro._ZTVN3pcl9VoxelGridINS_8PointXYZEEE[_ZTVN3pcl9VoxelGridINS_8PointXYZEEE]+0x48): undefined reference to `pcl::VoxelGrid<pcl::PointXYZ>::applyFilter(pcl::PointCloud<pcl::PointXYZ>&)'
/usr/bin/ld: CMakeFiles/voxel2map.dir/src/voxel2map.cpp.o:(.data.rel.ro._ZTVN3pcl6FilterINS_8PointXYZEEE[_ZTVN3pcl6FilterINS_8PointXYZEEE]+0x20): undefined reference to `pcl::PCLBase<pcl::PointXYZ>::setInputCloud(boost::shared_ptr<pcl::PointCloud<pcl::PointXYZ> const> const&)'
/usr/bin/ld: CMakeFiles/voxel2map.dir/src/voxel2map.cpp.o:(.data.rel.ro._ZTVN3pcl6FilterINS_8PointXYZEEE[_ZTVN3pcl6FilterINS_8PointXYZEEE]+0x28): undefined reference to `pcl::PCLBase<pcl::PointXYZ>::setIndices(boost::shared_ptr<std::vector<int, std::allocator<int> > > const&)'
/usr/bin/ld: CMakeFiles/voxel2map.dir/src/voxel2map.cpp.o:(.data.rel.ro._ZTVN3pcl6FilterINS_8PointXYZEEE[_ZTVN3pcl6FilterINS_8PointXYZEEE]+0x30): undefined reference to `pcl::PCLBase<pcl::PointXYZ>::setIndices(boost::shared_ptr<std::vector<int, std::allocator<int> > const> const&)'
/usr/bin/ld: CMakeFiles/voxel2map.dir/src/voxel2map.cpp.o:(.data.rel.ro._ZTVN3pcl6FilterINS_8PointXYZEEE[_ZTVN3pcl6FilterINS_8PointXYZEEE]+0x38): undefined reference to `pcl::PCLBase<pcl::PointXYZ>::setIndices(boost::shared_ptr<pcl::PointIndices const> const&)'
/usr/bin/ld: CMakeFiles/voxel2map.dir/src/voxel2map.cpp.o:(.data.rel.ro._ZTVN3pcl6FilterINS_8PointXYZEEE[_ZTVN3pcl6FilterINS_8PointXYZEEE]+0x40): undefined reference to `pcl::PCLBase<pcl::PointXYZ>::setIndices(unsigned long, unsigned long, unsigned long, unsigned long)'
/usr/bin/ld: CMakeFiles/voxel2map.dir/src/voxel2map.cpp.o:(.data.rel.ro._ZTVN3pcl7PCLBaseINS_8PointXYZEEE[_ZTVN3pcl7PCLBaseINS_8PointXYZEEE]+0x20): undefined reference to `pcl::PCLBase<pcl::PointXYZ>::setInputCloud(boost::shared_ptr<pcl::PointCloud<pcl::PointXYZ> const> const&)'
/usr/bin/ld: CMakeFiles/voxel2map.dir/src/voxel2map.cpp.o:(.data.rel.ro._ZTVN3pcl7PCLBaseINS_8PointXYZEEE[_ZTVN3pcl7PCLBaseINS_8PointXYZEEE]+0x28): undefined reference to `pcl::PCLBase<pcl::PointXYZ>::setIndices(boost::shared_ptr<std::vector<int, std::allocator<int> > > const&)'
/usr/bin/ld: CMakeFiles/voxel2map.dir/src/voxel2map.cpp.o:(.data.rel.ro._ZTVN3pcl7PCLBaseINS_8PointXYZEEE[_ZTVN3pcl7PCLBaseINS_8PointXYZEEE]+0x30): undefined reference to `pcl::PCLBase<pcl::PointXYZ>::setIndices(boost::shared_ptr<std::vector<int, std::allocator<int> > const> const&)'
/usr/bin/ld: CMakeFiles/voxel2map.dir/src/voxel2map.cpp.o:(.data.rel.ro._ZTVN3pcl7PCLBaseINS_8PointXYZEEE[_ZTVN3pcl7PCLBaseINS_8PointXYZEEE]+0x38): undefined reference to `pcl::PCLBase<pcl::PointXYZ>::setIndices(boost::shared_ptr<pcl::PointIndices const> const&)'
/usr/bin/ld: CMakeFiles/voxel2map.dir/src/voxel2map.cpp.o:(.data.rel.ro._ZTVN3pcl7PCLBaseINS_8PointXYZEEE[_ZTVN3pcl7PCLBaseINS_8PointXYZEEE]+0x40): undefined reference to `pcl::PCLBase<pcl::PointXYZ>::setIndices(unsigned long, unsigned long, unsigned long, unsigned long)'
/usr/bin/ld: CMakeFiles/voxel2map.dir/src/voxel2map.cpp.o: in function `ros::SubscriptionCallbackHelperT<boost::shared_ptr<sensor_msgs::PointCloud2_<std::allocator<void> > const> const&, void>::deserialize(ros::SubscriptionCallbackHelperDeserializeParams const&)':
voxel2map.cpp:(.text._ZN3ros27SubscriptionCallbackHelperTIRKN5boost10shared_ptrIKN11sensor_msgs12PointCloud2_ISaIvEEEEEvE11deserializeERKNS_43SubscriptionCallbackHelperDeserializeParamsE[_ZN3ros27SubscriptionCallbackHelperTIRKN5boost10shared_ptrIKN11sensor_msgs12PointCloud2_ISaIvEEEEEvE11deserializeERKNS_43SubscriptionCallbackHelperDeserializeParamsE]+0x65): undefined reference to `ros::console::g_initialized'
/usr/bin/ld: voxel2map.cpp:(.text._ZN3ros27SubscriptionCallbackHelperTIRKN5boost10shared_ptrIKN11sensor_msgs12PointCloud2_ISaIvEEEEEvE11deserializeERKNS_43SubscriptionCallbackHelperDeserializeParamsE[_ZN3ros27SubscriptionCallbackHelperTIRKN5boost10shared_ptrIKN11sensor_msgs12PointCloud2_ISaIvEEEEEvE11deserializeERKNS_43SubscriptionCallbackHelperDeserializeParamsE]+0x75): undefined reference to `ros::console::initialize()'
/usr/bin/ld: voxel2map.cpp:(.text._ZN3ros27SubscriptionCallbackHelperTIRKN5boost10shared_ptrIKN11sensor_msgs12PointCloud2_ISaIvEEEEEvE11deserializeERKNS_43SubscriptionCallbackHelperDeserializeParamsE[_ZN3ros27SubscriptionCallbackHelperTIRKN5boost10shared_ptrIKN11sensor_msgs12PointCloud2_ISaIvEEEEEvE11deserializeERKNS_43SubscriptionCallbackHelperDeserializeParamsE]+0xc2): undefined reference to `ros::console::initializeLogLocation(ros::console::LogLocation*, std::__cxx11::basic_string<char, std::char_traits<char>, std::allocator<char> > const&, ros::console::levels::Level)'
/usr/bin/ld: voxel2map.cpp:(.text._ZN3ros27SubscriptionCallbackHelperTIRKN5boost10shared_ptrIKN11sensor_msgs12PointCloud2_ISaIvEEEEEvE11deserializeERKNS_43SubscriptionCallbackHelperDeserializeParamsE[_ZN3ros27SubscriptionCallbackHelperTIRKN5boost10shared_ptrIKN11sensor_msgs12PointCloud2_ISaIvEEEEEvE11deserializeERKNS_43SubscriptionCallbackHelperDeserializeParamsE]+0xfe): undefined reference to `ros::console::setLogLocationLevel(ros::console::LogLocation*, ros::console::levels::Level)'
/usr/bin/ld: voxel2map.cpp:(.text._ZN3ros27SubscriptionCallbackHelperTIRKN5boost10shared_ptrIKN11sensor_msgs12PointCloud2_ISaIvEEEEEvE11deserializeERKNS_43SubscriptionCallbackHelperDeserializeParamsE[_ZN3ros27SubscriptionCallbackHelperTIRKN5boost10shared_ptrIKN11sensor_msgs12PointCloud2_ISaIvEEEEEvE11deserializeERKNS_43SubscriptionCallbackHelperDeserializeParamsE]+0x10a): undefined reference to `ros::console::checkLogLocationEnabled(ros::console::LogLocation*)'
/usr/bin/ld: voxel2map.cpp:(.text._ZN3ros27SubscriptionCallbackHelperTIRKN5boost10shared_ptrIKN11sensor_msgs12PointCloud2_ISaIvEEEEEvE11deserializeERKNS_43SubscriptionCallbackHelperDeserializeParamsE[_ZN3ros27SubscriptionCallbackHelperTIRKN5boost10shared_ptrIKN11sensor_msgs12PointCloud2_ISaIvEEEEEvE11deserializeERKNS_43SubscriptionCallbackHelperDeserializeParamsE]+0x187): undefined reference to `ros::console::print(ros::console::FilterBase*, void*, ros::console::levels::Level, char const*, int, char const*, char const*, ...)'
/usr/bin/ld: CMakeFiles/voxel2map.dir/src/voxel2map.cpp.o: in function `void ros::serialization::Serializer<unsigned int>::read<ros::serialization::IStream>(ros::serialization::IStream&, unsigned int&)':
voxel2map.cpp:(.text._ZN3ros13serialization10SerializerIjE4readINS0_7IStreamEEEvRT_Rj[_ZN3ros13serialization10SerializerIjE4readINS0_7IStreamEEEvRT_Rj]+0x57): undefined reference to `ros::serialization::throwStreamOverrun()'
/usr/bin/ld: CMakeFiles/voxel2map.dir/src/voxel2map.cpp.o: in function `void ros::serialization::Serializer<unsigned char>::read<ros::serialization::IStream>(ros::serialization::IStream&, unsigned char&)':
voxel2map.cpp:(.text._ZN3ros13serialization10SerializerIhE4readINS0_7IStreamEEEvRT_Rh[_ZN3ros13serialization10SerializerIhE4readINS0_7IStreamEEEvRT_Rh]+0x57): undefined reference to `ros::serialization::throwStreamOverrun()'
/usr/bin/ld: CMakeFiles/voxel2map.dir/src/voxel2map.cpp.o: in function `void ros::serialization::VectorSerializer<unsigned char, std::allocator<unsigned char>, void>::read<ros::serialization::IStream>(ros::serialization::IStream&, std::vector<unsigned char, std::allocator<unsigned char> >&)':
voxel2map.cpp:(.text._ZN3ros13serialization16VectorSerializerIhSaIhEvE4readINS0_7IStreamEEEvRT_RSt6vectorIhS2_E[_ZN3ros13serialization16VectorSerializerIhSaIhEvE4readINS0_7IStreamEEEvRT_RSt6vectorIhS2_E]+0xa9): undefined reference to `ros::serialization::throwStreamOverrun()'
/usr/bin/ld: CMakeFiles/voxel2map.dir/src/voxel2map.cpp.o: in function `void ros::serialization::Serializer<std::__cxx11::basic_string<char, std::char_traits<char>, std::allocator<char> > >::read<ros::serialization::IStream>(ros::serialization::IStream&, std::__cxx11::basic_string<char, std::char_traits<char>, std::allocator<char> >&)':
voxel2map.cpp:(.text._ZN3ros13serialization10SerializerINSt7__cxx1112basic_stringIcSt11char_traitsIcESaIcEEEE4readINS0_7IStreamEEEvRT_RS7_[_ZN3ros13serialization10SerializerINSt7__cxx1112basic_stringIcSt11char_traitsIcESaIcEEEE4readINS0_7IStreamEEEvRT_RS7_]+0x9e): undefined reference to `ros::serialization::throwStreamOverrun()'
collect2: error: ld returned 1 exit status
make[2]: *** [CMakeFiles/voxel2map.dir/build.make:84: /home/hanyu/ROS_project/Intro2Ros_Quadruped_Project/devel/.private/voxel_mapping/lib/voxel_mapping/voxel2map] Error 1
make[1]: *** [CMakeFiles/Makefile2:295: CMakeFiles/voxel2map.dir/all] Error 2
make: *** [Makefile:141: all] Error 2
